[1017/225818.423:ERROR:directory_reader_win.cc(43)] FindFirstFile: Het systeem kan het opgegeven pad niet vinden. (0x3)
[1018/225549.730:ERROR:directory_reader_win.cc(43)] FindFirstFile: Het systeem kan het opgegeven pad niet vinden. (0x3)
[1019/083103.507:ERROR:directory_reader_win.cc(43)] FindFirstFile: Het systeem kan het opgegeven pad niet vinden. (0x3)
[1019/225238.825:ERROR:process_reader_win.cc(155)] SuspendThread: Toegang geweigerd. (0x5)
[1019/225238.826:ERROR:process_reader_win.cc(155)] SuspendThread: Toegang geweigerd. (0x5)
[1019/225238.827:ERROR:process_reader_win.cc(127)] NtOpenThread: {Toegang geweigerd} Een proces heeft toegang tot een object aangevraagd, maar heeft deze toegangsrechten niet gekregen. (0xc0000022)
[1019/225238.829:ERROR:exception_snapshot_win.cc(100)] thread ID 58304 not found in process
[1019/225238.859:ERROR:process_reader_win.cc(155)] SuspendThread: Toegang geweigerd. (0x5)
[1019/225238.859:ERROR:process_reader_win.cc(155)] SuspendThread: Toegang geweigerd. (0x5)
[1019/225238.859:ERROR:process_reader_win.cc(127)] NtOpenThread: {Toegang geweigerd} Een proces heeft toegang tot een object aangevraagd, maar heeft deze toegangsrechten niet gekregen. (0xc0000022)
[1019/225238.859:ERROR:exception_snapshot_win.cc(100)] thread ID 14632 not found in process
[1019/225239.073:ERROR:process_reader_win.cc(155)] SuspendThread: Toegang geweigerd. (0x5)
[1019/225239.073:ERROR:process_reader_win.cc(155)] SuspendThread: Toegang geweigerd. (0x5)
[1019/225239.073:ERROR:process_reader_win.cc(155)] SuspendThread: Toegang geweigerd. (0x5)
[1019/225239.073:ERROR:process_reader_win.cc(155)] SuspendThread: Toegang geweigerd. (0x5)
[1019/225239.074:ERROR:process_reader_win.cc(155)] SuspendThread: Toegang geweigerd. (0x5)
[1019/225239.074:ERROR:process_reader_win.cc(155)] SuspendThread: Toegang geweigerd. (0x5)
[1019/225239.074:ERROR:process_reader_win.cc(155)] SuspendThread: Toegang geweigerd. (0x5)
[1019/225239.074:ERROR:process_reader_win.cc(155)] SuspendThread: Toegang geweigerd. (0x5)
[1019/225239.074:ERROR:process_reader_win.cc(155)] SuspendThread: Toegang geweigerd. (0x5)
[1019/225239.074:ERROR:process_reader_win.cc(155)] SuspendThread: Toegang geweigerd. (0x5)
[1019/225239.074:ERROR:process_reader_win.cc(155)] SuspendThread: Toegang geweigerd. (0x5)
[1019/225239.074:ERROR:process_reader_win.cc(155)] SuspendThread: Toegang geweigerd. (0x5)
[1019/225239.074:ERROR:process_reader_win.cc(155)] SuspendThread: Toegang geweigerd. (0x5)
[1019/225239.074:ERROR:process_reader_win.cc(155)] SuspendThread: Toegang geweigerd. (0x5)
[1019/225239.074:ERROR:process_reader_win.cc(127)] NtOpenThread: {Toegang geweigerd} Een proces heeft toegang tot een object aangevraagd, maar heeft deze toegangsrechten niet gekregen. (0xc0000022)
[1019/225239.074:ERROR:exception_snapshot_win.cc(100)] thread ID 15408 not found in process
[1019/225239.091:ERROR:process_reader_win.cc(155)] SuspendThread: Toegang geweigerd. (0x5)
[1019/225239.092:ERROR:process_reader_win.cc(155)] SuspendThread: Toegang geweigerd. (0x5)
[1019/225239.092:ERROR:process_reader_win.cc(155)] SuspendThread: Toegang geweigerd. (0x5)
[1019/225239.092:ERROR:process_reader_win.cc(155)] SuspendThread: Toegang geweigerd. (0x5)
[1019/225239.092:ERROR:process_reader_win.cc(155)] SuspendThread: Toegang geweigerd. (0x5)
[1019/225239.092:ERROR:process_reader_win.cc(155)] SuspendThread: Toegang geweigerd. (0x5)
[1019/225239.092:ERROR:process_reader_win.cc(155)] SuspendThread: Toegang geweigerd. (0x5)
[1019/225239.092:ERROR:process_reader_win.cc(155)] SuspendThread: Toegang geweigerd. (0x5)
[1019/225239.092:ERROR:process_reader_win.cc(155)] SuspendThread: Toegang geweigerd. (0x5)
[1019/225239.092:ERROR:process_reader_win.cc(155)] SuspendThread: Toegang geweigerd. (0x5)
[1019/225239.092:ERROR:process_reader_win.cc(155)] SuspendThread: Toegang geweigerd. (0x5)
[1019/225239.093:ERROR:process_reader_win.cc(155)] SuspendThread: Toegang geweigerd. (0x5)
[1019/225239.093:ERROR:process_reader_win.cc(155)] SuspendThread: Toegang geweigerd. (0x5)
[1019/225239.093:ERROR:process_reader_win.cc(155)] SuspendThread: Toegang geweigerd. (0x5)
[1019/225239.093:ERROR:process_reader_win.cc(155)] SuspendThread: Toegang geweigerd. (0x5)
[1019/225239.093:ERROR:process_reader_win.cc(127)] NtOpenThread: {Toegang geweigerd} Een proces heeft toegang tot een object aangevraagd, maar heeft deze toegangsrechten niet gekregen. (0xc0000022)
[1019/225239.093:ERROR:exception_snapshot_win.cc(100)] thread ID 48052 not found in process
[1019/225239.102:ERROR:process_reader_win.cc(155)] SuspendThread: Toegang geweigerd. (0x5)
[1019/225239.102:ERROR:process_reader_win.cc(155)] SuspendThread: Toegang geweigerd. (0x5)
[1019/225239.102:ERROR:process_reader_win.cc(155)] SuspendThread: Toegang geweigerd. (0x5)
[1019/225239.102:ERROR:process_reader_win.cc(155)] SuspendThread: Toegang geweigerd. (0x5)
[1019/225239.103:ERROR:process_reader_win.cc(155)] SuspendThread: Toegang geweigerd. (0x5)
[1019/225239.103:ERROR:process_reader_win.cc(155)] SuspendThread: Toegang geweigerd. (0x5)
[1019/225239.103:ERROR:process_reader_win.cc(155)] SuspendThread: Toegang geweigerd. (0x5)
[1019/225239.103:ERROR:process_reader_win.cc(155)] SuspendThread: Toegang geweigerd. (0x5)
[1019/225239.103:ERROR:process_reader_win.cc(155)] SuspendThread: Toegang geweigerd. (0x5)
[1019/225239.103:ERROR:process_reader_win.cc(155)] SuspendThread: Toegang geweigerd. (0x5)
[1019/225239.103:ERROR:process_reader_win.cc(155)] SuspendThread: Toegang geweigerd. (0x5)
[1019/225239.103:ERROR:process_reader_win.cc(155)] SuspendThread: Toegang geweigerd. (0x5)
[1019/225239.103:ERROR:process_reader_win.cc(155)] SuspendThread: Toegang geweigerd. (0x5)
[1019/225239.103:ERROR:process_reader_win.cc(127)] NtOpenThread: {Toegang geweigerd} Een proces heeft toegang tot een object aangevraagd, maar heeft deze toegangsrechten niet gekregen. (0xc0000022)
[1019/225239.103:ERROR:exception_snapshot_win.cc(100)] thread ID 56800 not found in process
[1019/225239.312:ERROR:process_reader_win.cc(155)] SuspendThread: Toegang geweigerd. (0x5)
[1019/225239.313:ERROR:process_reader_win.cc(155)] SuspendThread: Toegang geweigerd. (0x5)
[1019/225239.313:ERROR:process_reader_win.cc(155)] SuspendThread: Toegang geweigerd. (0x5)
[1019/225239.313:ERROR:process_reader_win.cc(155)] SuspendThread: Toegang geweigerd. (0x5)
[1019/225239.313:ERROR:process_reader_win.cc(155)] SuspendThread: Toegang geweigerd. (0x5)
[1019/225239.313:ERROR:process_reader_win.cc(155)] SuspendThread: Toegang geweigerd. (0x5)
[1019/225239.313:ERROR:process_reader_win.cc(155)] SuspendThread: Toegang geweigerd. (0x5)
[1019/225239.313:ERROR:process_reader_win.cc(155)] SuspendThread: Toegang geweigerd. (0x5)
[1019/225239.313:ERROR:process_reader_win.cc(155)] SuspendThread: Toegang geweigerd. (0x5)
[1019/225239.314:ERROR:process_reader_win.cc(155)] SuspendThread: Toegang geweigerd. (0x5)
[1019/225239.314:ERROR:process_reader_win.cc(155)] SuspendThread: Toegang geweigerd. (0x5)
[1019/225239.314:ERROR:process_reader_win.cc(155)] SuspendThread: Toegang geweigerd. (0x5)
[1019/225239.314:ERROR:process_reader_win.cc(155)] SuspendThread: Toegang geweigerd. (0x5)
[1019/225239.314:ERROR:process_reader_win.cc(127)] NtOpenThread: {Toegang geweigerd} Een proces heeft toegang tot een object aangevraagd, maar heeft deze toegangsrechten niet gekregen. (0xc0000022)
[1019/225239.314:ERROR:exception_snapshot_win.cc(100)] thread ID 56536 not found in process
[1019/225239.337:ERROR:process_reader_win.cc(155)] SuspendThread: Toegang geweigerd. (0x5)
[1019/225239.337:ERROR:process_reader_win.cc(155)] SuspendThread: Toegang geweigerd. (0x5)
[1019/225239.337:ERROR:process_reader_win.cc(155)] SuspendThread: Toegang geweigerd. (0x5)
[1019/225239.337:ERROR:process_reader_win.cc(155)] SuspendThread: Toegang geweigerd. (0x5)
[1019/225239.337:ERROR:process_reader_win.cc(155)] SuspendThread: Toegang geweigerd. (0x5)
[1019/225239.338:ERROR:process_reader_win.cc(155)] SuspendThread: Toegang geweigerd. (0x5)
[1019/225239.338:ERROR:process_reader_win.cc(155)] SuspendThread: Toegang geweigerd. (0x5)
[1019/225239.338:ERROR:process_reader_win.cc(155)] SuspendThread: Toegang geweigerd. (0x5)
[1019/225239.338:ERROR:process_reader_win.cc(155)] SuspendThread: Toegang geweigerd. (0x5)
[1019/225239.338:ERROR:process_reader_win.cc(155)] SuspendThread: Toegang geweigerd. (0x5)
[1019/225239.338:ERROR:process_reader_win.cc(155)] SuspendThread: Toegang geweigerd. (0x5)
[1019/225239.338:ERROR:process_reader_win.cc(155)] SuspendThread: Toegang geweigerd. (0x5)
[1019/225239.338:ERROR:process_reader_win.cc(155)] SuspendThread: Toegang geweigerd. (0x5)
[1019/225239.338:ERROR:process_reader_win.cc(127)] NtOpenThread: {Toegang geweigerd} Een proces heeft toegang tot een object aangevraagd, maar heeft deze toegangsrechten niet gekregen. (0xc0000022)
[1019/225239.338:ERROR:exception_snapshot_win.cc(100)] thread ID 57912 not found in process
[1019/225239.381:ERROR:process_reader_win.cc(155)] SuspendThread: Toegang geweigerd. (0x5)
[1019/225239.382:ERROR:process_reader_win.cc(155)] SuspendThread: Toegang geweigerd. (0x5)
[1019/225239.382:ERROR:process_reader_win.cc(155)] SuspendThread: Toegang geweigerd. (0x5)
[1019/225239.382:ERROR:process_reader_win.cc(155)] SuspendThread: Toegang geweigerd. (0x5)
[1019/225239.382:ERROR:process_reader_win.cc(155)] SuspendThread: Toegang geweigerd. (0x5)
[1019/225239.382:ERROR:process_reader_win.cc(155)] SuspendThread: Toegang geweigerd. (0x5)
[1019/225239.382:ERROR:process_reader_win.cc(155)] SuspendThread: Toegang geweigerd. (0x5)
[1019/225239.382:ERROR:process_reader_win.cc(155)] SuspendThread: Toegang geweigerd. (0x5)
[1019/225239.382:ERROR:process_reader_win.cc(155)] SuspendThread: Toegang geweigerd. (0x5)
[1019/225239.382:ERROR:process_reader_win.cc(155)] SuspendThread: Toegang geweigerd. (0x5)
[1019/225239.382:ERROR:process_reader_win.cc(155)] SuspendThread: Toegang geweigerd. (0x5)
[1019/225239.382:ERROR:process_reader_win.cc(155)] SuspendThread: Toegang geweigerd. (0x5)
[1019/225239.382:ERROR:process_reader_win.cc(155)] SuspendThread: Toegang geweigerd. (0x5)
[1019/225239.382:ERROR:process_reader_win.cc(127)] NtOpenThread: {Toegang geweigerd} Een proces heeft toegang tot een object aangevraagd, maar heeft deze toegangsrechten niet gekregen. (0xc0000022)
[1019/225239.383:ERROR:exception_snapshot_win.cc(100)] thread ID 11556 not found in process
[1019/225239.405:ERROR:process_reader_win.cc(155)] SuspendThread: Toegang geweigerd. (0x5)
[1019/225239.406:ERROR:process_reader_win.cc(155)] SuspendThread: Toegang geweigerd. (0x5)
[1019/225239.406:ERROR:process_reader_win.cc(155)] SuspendThread: Toegang geweigerd. (0x5)
[1019/225239.406:ERROR:process_reader_win.cc(155)] SuspendThread: Toegang geweigerd. (0x5)
[1019/225239.406:ERROR:process_reader_win.cc(155)] SuspendThread: Toegang geweigerd. (0x5)
[1019/225239.406:ERROR:process_reader_win.cc(155)] SuspendThread: Toegang geweigerd. (0x5)
[1019/225239.406:ERROR:process_reader_win.cc(155)] SuspendThread: Toegang geweigerd. (0x5)
[1019/225239.406:ERROR:process_reader_win.cc(155)] SuspendThread: Toegang geweigerd. (0x5)
[1019/225239.406:ERROR:process_reader_win.cc(155)] SuspendThread: Toegang geweigerd. (0x5)
[1019/225239.406:ERROR:process_reader_win.cc(155)] SuspendThread: Toegang geweigerd. (0x5)
[1019/225239.406:ERROR:process_reader_win.cc(155)] SuspendThread: Toegang geweigerd. (0x5)
[1019/225239.406:ERROR:process_reader_win.cc(155)] SuspendThread: Toegang geweigerd. (0x5)
[1019/225239.406:ERROR:process_reader_win.cc(155)] SuspendThread: Toegang geweigerd. (0x5)
[1019/225239.406:ERROR:process_reader_win.cc(155)] SuspendThread: Toegang geweigerd. (0x5)
[1019/225239.406:ERROR:process_reader_win.cc(155)] SuspendThread: Toegang geweigerd. (0x5)
[1019/225239.406:ERROR:process_reader_win.cc(155)] SuspendThread: Toegang geweigerd. (0x5)
[1019/225239.407:ERROR:process_reader_win.cc(155)] SuspendThread: Toegang geweigerd. (0x5)
[1019/225239.407:ERROR:process_reader_win.cc(127)] NtOpenThread: {Toegang geweigerd} Een proces heeft toegang tot een object aangevraagd, maar heeft deze toegangsrechten niet gekregen. (0xc0000022)
[1019/225239.407:ERROR:exception_snapshot_win.cc(100)] thread ID 58068 not found in process
[1019/225239.553:ERROR:process_reader_win.cc(155)] SuspendThread: Toegang geweigerd. (0x5)
[1019/225239.553:ERROR:process_reader_win.cc(155)] SuspendThread: Toegang geweigerd. (0x5)
[1019/225239.554:ERROR:process_reader_win.cc(155)] SuspendThread: Toegang geweigerd. (0x5)
[1019/225239.554:ERROR:process_reader_win.cc(155)] SuspendThread: Toegang geweigerd. (0x5)
[1019/225239.554:ERROR:process_reader_win.cc(155)] SuspendThread: Toegang geweigerd. (0x5)
[1019/225239.554:ERROR:process_reader_win.cc(155)] SuspendThread: Toegang geweigerd. (0x5)
[1019/225239.554:ERROR:process_reader_win.cc(155)] SuspendThread: Toegang geweigerd. (0x5)
[1019/225239.554:ERROR:process_reader_win.cc(155)] SuspendThread: Toegang geweigerd. (0x5)
[1019/225239.554:ERROR:process_reader_win.cc(155)] SuspendThread: Toegang geweigerd. (0x5)
[1019/225239.554:ERROR:process_reader_win.cc(155)] SuspendThread: Toegang geweigerd. (0x5)
[1019/225239.554:ERROR:process_reader_win.cc(155)] SuspendThread: Toegang geweigerd. (0x5)
[1019/225239.554:ERROR:process_reader_win.cc(155)] SuspendThread: Toegang geweigerd. (0x5)
[1019/225239.554:ERROR:process_reader_win.cc(155)] SuspendThread: Toegang geweigerd. (0x5)
[1019/225239.554:ERROR:process_reader_win.cc(155)] SuspendThread: Toegang geweigerd. (0x5)
[1019/225239.555:ERROR:process_reader_win.cc(127)] NtOpenThread: {Toegang geweigerd} Een proces heeft toegang tot een object aangevraagd, maar heeft deze toegangsrechten niet gekregen. (0xc0000022)
[1019/225239.555:ERROR:exception_snapshot_win.cc(100)] thread ID 50556 not found in process
[1019/225240.071:ERROR:filesystem_win.cc(129)] GetFileAttributes C:\Users\NL24962\AppData\Local\Microsoft\Edge\User Data\Crashpad\attachments\925be022-2050-4fc6-8c70-f53477c77d46: Het systeem kan het opgegeven pad niet vinden. (0x3)
[1019/225241.356:ERROR:filesystem_win.cc(129)] GetFileAttributes C:\Users\NL24962\AppData\Local\Microsoft\Edge\User Data\Crashpad\attachments\33c5303e-0f8f-4cae-a82a-95a3ceaabecc: Het systeem kan het opgegeven pad niet vinden. (0x3)
[1019/225241.427:ERROR:filesystem_win.cc(129)] GetFileAttributes C:\Users\NL24962\AppData\Local\Microsoft\Edge\User Data\Crashpad\attachments\c587805e-5515-4c62-b7e6-b7fc360806f9: Het systeem kan het opgegeven pad niet vinden. (0x3)
[1019/225241.478:ERROR:filesystem_win.cc(129)] GetFileAttributes C:\Users\NL24962\AppData\Local\Microsoft\Edge\User Data\Crashpad\attachments\3695728a-5e91-49e7-8ba6-88c16b6ddbad: Het systeem kan het opgegeven pad niet vinden. (0x3)
[1019/225241.524:ERROR:filesystem_win.cc(129)] GetFileAttributes C:\Users\NL24962\AppData\Local\Microsoft\Edge\User Data\Crashpad\attachments\55f4d796-c8d3-4e21-9f49-d84c116643ae: Het systeem kan het opgegeven pad niet vinden. (0x3)
[1019/225241.598:ERROR:filesystem_win.cc(129)] GetFileAttributes C:\Users\NL24962\AppData\Local\Microsoft\Edge\User Data\Crashpad\attachments\0773c0cb-ac2b-4d3a-b36b-0c345fddc470: Het systeem kan het opgegeven pad niet vinden. (0x3)
[1019/225241.724:ERROR:filesystem_win.cc(129)] GetFileAttributes C:\Users\NL24962\AppData\Local\Microsoft\Edge\User Data\Crashpad\attachments\b0b79931-b152-40b5-9131-df886be17b13: Het systeem kan het opgegeven pad niet vinden. (0x3)
[1019/225241.832:ERROR:filesystem_win.cc(129)] GetFileAttributes C:\Users\NL24962\AppData\Local\Microsoft\Edge\User Data\Crashpad\attachments\39636981-7fbc-4466-a2d8-fc423cd35076: Het systeem kan het opgegeven pad niet vinden. (0x3)
[1019/225241.893:ERROR:filesystem_win.cc(129)] GetFileAttributes C:\Users\NL24962\AppData\Local\Microsoft\Edge\User Data\Crashpad\attachments\cdb01963-80a7-4084-95d5-b122ff9deb68: Het systeem kan het opgegeven pad niet vinden. (0x3)
[1019/225241.934:ERROR:filesystem_win.cc(129)] GetFileAttributes C:\Users\NL24962\AppData\Local\Microsoft\Edge\User Data\Crashpad\attachments\be7beb0e-50cf-4eef-8c75-0ad509d93879: Het systeem kan het opgegeven pad niet vinden. (0x3)
